<?xml version="1.0" encoding="UTF-8"?>
<testsuite xmlns:xsi="http://www.w3.org/2001/XMLSchema-instance" xsi:noNamespaceSchemaLocation="https://maven.apache.org/surefire/maven-surefire-plugin/xsd/surefire-test-report.xsd" name="com.jiyx.test.fs.HDFSDemoTest" time="0.001" tests="1" errors="0" skipped="1" failures="0">
  <properties>
    <property name="user.variant" value=""/>
    <property name="java.vm.info" value="mixed mode"/>
    <property name="file.encoding.pkg" value="sun.io"/>
    <property name="file.encoding" value="GBK"/>
    <property name="java.specification.name" value="Java Platform API Specification"/>
    <property name="sun.os.patch.level" value=""/>
    <property name="user.dir" value="E:\myTestProject\testHadop"/>
    <property name="line.separator" value="&#10;"/>
    <property name="java.home" value="E:\program\Java1.7\jdk1.7.0_75\jre"/>
    <property name="user.name" value="42070"/>
    <property name="sun.boot.library.path" value="E:\program\Java1.7\jdk1.7.0_75\jre\bin"/>
    <property name="user.home" value="C:\Users\42070"/>
    <property name="localRepository" value="C:\Users\42070\.m2\repository"/>
    <property name="sun.java.launcher" value="SUN_STANDARD"/>
    <property name="java.class.version" value="51.0"/>
    <property name="user.language" value="zh"/>
    <property name="java.vendor.url.bug" value="http://bugreport.sun.com/bugreport/"/>
    <property name="sun.jnu.encoding" value="GBK"/>
    <property name="java.io.tmpdir" value="C:\Users\42070\AppData\Local\Temp\"/>
    <property name="java.specification.vendor" value="Oracle Corporation"/>
    <property name="file.separator" value="\"/>
    <property name="java.class.path" value="E:\myTestProject\testHadop\target\test-classes;E:\myTestProject\testHadop\target\classes;C:\Users\42070\.m2\repository\junit\junit\4.11\junit-4.11.jar;C:\Users\42070\.m2\repository\org\hamcrest\hamcrest-core\1.3\hamcrest-core-1.3.jar;C:\Users\42070\.m2\repository\org\apache\hadoop\hadoop-common\2.9.1\hadoop-common-2.9.1.jar;C:\Users\42070\.m2\repository\org\apache\hadoop\hadoop-annotations\2.9.1\hadoop-annotations-2.9.1.jar;E:\program\Java1.7\jdk1.7.0_75\jre\..\lib\tools.jar;C:\Users\42070\.m2\repository\com\google\guava\guava\11.0.2\guava-11.0.2.jar;C:\Users\42070\.m2\repository\commons-cli\commons-cli\1.2\commons-cli-1.2.jar;C:\Users\42070\.m2\repository\org\apache\commons\commons-math3\3.1.1\commons-math3-3.1.1.jar;C:\Users\42070\.m2\repository\xmlenc\xmlenc\0.52\xmlenc-0.52.jar;C:\Users\42070\.m2\repository\org\apache\httpcomponents\httpclient\4.5.2\httpclient-4.5.2.jar;C:\Users\42070\.m2\repository\org\apache\httpcomponents\httpcore\4.4.4\httpcore-4.4.4.jar;C:\Users\42070\.m2\repository\commons-codec\commons-codec\1.4\commons-codec-1.4.jar;C:\Users\42070\.m2\repository\commons-io\commons-io\2.4\commons-io-2.4.jar;C:\Users\42070\.m2\repository\commons-net\commons-net\3.1\commons-net-3.1.jar;C:\Users\42070\.m2\repository\commons-collections\commons-collections\3.2.2\commons-collections-3.2.2.jar;C:\Users\42070\.m2\repository\javax\servlet\servlet-api\2.5\servlet-api-2.5.jar;C:\Users\42070\.m2\repository\org\mortbay\jetty\jetty\6.1.26\jetty-6.1.26.jar;C:\Users\42070\.m2\repository\org\mortbay\jetty\jetty-util\6.1.26\jetty-util-6.1.26.jar;C:\Users\42070\.m2\repository\org\mortbay\jetty\jetty-sslengine\6.1.26\jetty-sslengine-6.1.26.jar;C:\Users\42070\.m2\repository\javax\servlet\jsp\jsp-api\2.1\jsp-api-2.1.jar;C:\Users\42070\.m2\repository\com\sun\jersey\jersey-core\1.9\jersey-core-1.9.jar;C:\Users\42070\.m2\repository\com\sun\jersey\jersey-json\1.9\jersey-json-1.9.jar;C:\Users\42070\.m2\repository\org\codehaus\jettison\jettison\1.1\jettison-1.1.jar;C:\Users\42070\.m2\repository\com\sun\xml\bind\jaxb-impl\2.2.3-1\jaxb-impl-2.2.3-1.jar;C:\Users\42070\.m2\repository\org\codehaus\jackson\jackson-jaxrs\1.8.3\jackson-jaxrs-1.8.3.jar;C:\Users\42070\.m2\repository\org\codehaus\jackson\jackson-xc\1.8.3\jackson-xc-1.8.3.jar;C:\Users\42070\.m2\repository\com\sun\jersey\jersey-server\1.9\jersey-server-1.9.jar;C:\Users\42070\.m2\repository\asm\asm\3.1\asm-3.1.jar;C:\Users\42070\.m2\repository\commons-logging\commons-logging\1.1.3\commons-logging-1.1.3.jar;C:\Users\42070\.m2\repository\log4j\log4j\1.2.17\log4j-1.2.17.jar;C:\Users\42070\.m2\repository\net\java\dev\jets3t\jets3t\0.9.0\jets3t-0.9.0.jar;C:\Users\42070\.m2\repository\com\jamesmurty\utils\java-xmlbuilder\0.4\java-xmlbuilder-0.4.jar;C:\Users\42070\.m2\repository\commons-lang\commons-lang\2.6\commons-lang-2.6.jar;C:\Users\42070\.m2\repository\commons-configuration\commons-configuration\1.6\commons-configuration-1.6.jar;C:\Users\42070\.m2\repository\commons-digester\commons-digester\1.8\commons-digester-1.8.jar;C:\Users\42070\.m2\repository\commons-beanutils\commons-beanutils\1.7.0\commons-beanutils-1.7.0.jar;C:\Users\42070\.m2\repository\commons-beanutils\commons-beanutils-core\1.8.0\commons-beanutils-core-1.8.0.jar;C:\Users\42070\.m2\repository\org\apache\commons\commons-lang3\3.4\commons-lang3-3.4.jar;C:\Users\42070\.m2\repository\org\slf4j\slf4j-api\1.7.25\slf4j-api-1.7.25.jar;C:\Users\42070\.m2\repository\org\slf4j\slf4j-log4j12\1.7.25\slf4j-log4j12-1.7.25.jar;C:\Users\42070\.m2\repository\org\codehaus\jackson\jackson-core-asl\1.9.13\jackson-core-asl-1.9.13.jar;C:\Users\42070\.m2\repository\org\codehaus\jackson\jackson-mapper-asl\1.9.13\jackson-mapper-asl-1.9.13.jar;C:\Users\42070\.m2\repository\org\apache\avro\avro\1.7.7\avro-1.7.7.jar;C:\Users\42070\.m2\repository\com\thoughtworks\paranamer\paranamer\2.3\paranamer-2.3.jar;C:\Users\42070\.m2\repository\org\xerial\snappy\snappy-java\1.0.5\snappy-java-1.0.5.jar;C:\Users\42070\.m2\repository\com\google\protobuf\protobuf-java\2.5.0\protobuf-java-2.5.0.jar;C:\Users\42070\.m2\repository\com\google\code\gson\gson\2.2.4\gson-2.2.4.jar;C:\Users\42070\.m2\repository\org\apache\hadoop\hadoop-auth\2.9.1\hadoop-auth-2.9.1.jar;C:\Users\42070\.m2\repository\com\nimbusds\nimbus-jose-jwt\4.41.1\nimbus-jose-jwt-4.41.1.jar;C:\Users\42070\.m2\repository\com\github\stephenc\jcip\jcip-annotations\1.0-1\jcip-annotations-1.0-1.jar;C:\Users\42070\.m2\repository\net\minidev\json-smart\2.3\json-smart-2.3.jar;C:\Users\42070\.m2\repository\net\minidev\accessors-smart\1.2\accessors-smart-1.2.jar;C:\Users\42070\.m2\repository\org\ow2\asm\asm\5.0.4\asm-5.0.4.jar;C:\Users\42070\.m2\repository\org\apache\directory\server\apacheds-kerberos-codec\2.0.0-M15\apacheds-kerberos-codec-2.0.0-M15.jar;C:\Users\42070\.m2\repository\org\apache\directory\server\apacheds-i18n\2.0.0-M15\apacheds-i18n-2.0.0-M15.jar;C:\Users\42070\.m2\repository\org\apache\directory\api\api-asn1-api\1.0.0-M20\api-asn1-api-1.0.0-M20.jar;C:\Users\42070\.m2\repository\org\apache\directory\api\api-util\1.0.0-M20\api-util-1.0.0-M20.jar;C:\Users\42070\.m2\repository\org\apache\curator\curator-framework\2.7.1\curator-framework-2.7.1.jar;C:\Users\42070\.m2\repository\com\jcraft\jsch\0.1.54\jsch-0.1.54.jar;C:\Users\42070\.m2\repository\org\apache\curator\curator-client\2.7.1\curator-client-2.7.1.jar;C:\Users\42070\.m2\repository\org\apache\curator\curator-recipes\2.7.1\curator-recipes-2.7.1.jar;C:\Users\42070\.m2\repository\com\google\code\findbugs\jsr305\3.0.0\jsr305-3.0.0.jar;C:\Users\42070\.m2\repository\org\apache\htrace\htrace-core4\4.1.0-incubating\htrace-core4-4.1.0-incubating.jar;C:\Users\42070\.m2\repository\org\apache\zookeeper\zookeeper\3.4.6\zookeeper-3.4.6.jar;C:\Users\42070\.m2\repository\org\apache\commons\commons-compress\1.4.1\commons-compress-1.4.1.jar;C:\Users\42070\.m2\repository\org\tukaani\xz\1.0\xz-1.0.jar;C:\Users\42070\.m2\repository\org\codehaus\woodstox\stax2-api\3.1.4\stax2-api-3.1.4.jar;C:\Users\42070\.m2\repository\com\fasterxml\woodstox\woodstox-core\5.0.3\woodstox-core-5.0.3.jar;C:\Users\42070\.m2\repository\org\apache\hadoop\hadoop-client\2.9.1\hadoop-client-2.9.1.jar;C:\Users\42070\.m2\repository\org\apache\hadoop\hadoop-hdfs-client\2.9.1\hadoop-hdfs-client-2.9.1.jar;C:\Users\42070\.m2\repository\com\squareup\okhttp\okhttp\2.7.5\okhttp-2.7.5.jar;C:\Users\42070\.m2\repository\com\squareup\okio\okio\1.6.0\okio-1.6.0.jar;C:\Users\42070\.m2\repository\org\apache\hadoop\hadoop-mapreduce-client-app\2.9.1\hadoop-mapreduce-client-app-2.9.1.jar;C:\Users\42070\.m2\repository\org\apache\hadoop\hadoop-mapreduce-client-common\2.9.1\hadoop-mapreduce-client-common-2.9.1.jar;C:\Users\42070\.m2\repository\org\apache\hadoop\hadoop-mapreduce-client-shuffle\2.9.1\hadoop-mapreduce-client-shuffle-2.9.1.jar;C:\Users\42070\.m2\repository\org\apache\hadoop\hadoop-yarn-server-common\2.9.1\hadoop-yarn-server-common-2.9.1.jar;C:\Users\42070\.m2\repository\org\apache\hadoop\hadoop-yarn-registry\2.9.1\hadoop-yarn-registry-2.9.1.jar;C:\Users\42070\.m2\repository\org\apache\geronimo\specs\geronimo-jcache_1.0_spec\1.0-alpha-1\geronimo-jcache_1.0_spec-1.0-alpha-1.jar;C:\Users\42070\.m2\repository\org\ehcache\ehcache\3.3.1\ehcache-3.3.1.jar;C:\Users\42070\.m2\repository\com\zaxxer\HikariCP-java7\2.4.12\HikariCP-java7-2.4.12.jar;C:\Users\42070\.m2\repository\com\microsoft\sqlserver\mssql-jdbc\6.2.1.jre7\mssql-jdbc-6.2.1.jre7.jar;C:\Users\42070\.m2\repository\org\apache\hadoop\hadoop-yarn-api\2.9.1\hadoop-yarn-api-2.9.1.jar;C:\Users\42070\.m2\repository\javax\xml\bind\jaxb-api\2.2.2\jaxb-api-2.2.2.jar;C:\Users\42070\.m2\repository\javax\xml\stream\stax-api\1.0-2\stax-api-1.0-2.jar;C:\Users\42070\.m2\repository\javax\activation\activation\1.1\activation-1.1.jar;C:\Users\42070\.m2\repository\org\apache\hadoop\hadoop-mapreduce-client-jobclient\2.9.1\hadoop-mapreduce-client-jobclient-2.9.1.jar;C:\Users\42070\.m2\repository\org\apache\hadoop\hadoop-hdfs\2.9.1\hadoop-hdfs-2.9.1.jar;C:\Users\42070\.m2\repository\commons-daemon\commons-daemon\1.0.13\commons-daemon-1.0.13.jar;C:\Users\42070\.m2\repository\io\netty\netty\3.6.2.Final\netty-3.6.2.Final.jar;C:\Users\42070\.m2\repository\io\netty\netty-all\4.0.23.Final\netty-all-4.0.23.Final.jar;C:\Users\42070\.m2\repository\xerces\xercesImpl\2.9.1\xercesImpl-2.9.1.jar;C:\Users\42070\.m2\repository\xml-apis\xml-apis\1.3.04\xml-apis-1.3.04.jar;C:\Users\42070\.m2\repository\org\fusesource\leveldbjni\leveldbjni-all\1.8\leveldbjni-all-1.8.jar;C:\Users\42070\.m2\repository\com\fasterxml\jackson\core\jackson-databind\2.7.8\jackson-databind-2.7.8.jar;C:\Users\42070\.m2\repository\com\fasterxml\jackson\core\jackson-annotations\2.7.0\jackson-annotations-2.7.0.jar;C:\Users\42070\.m2\repository\com\fasterxml\jackson\core\jackson-core\2.7.8\jackson-core-2.7.8.jar;C:\Users\42070\.m2\repository\org\apache\hadoop\hadoop-mapreduce-client-core\2.9.1\hadoop-mapreduce-client-core-2.9.1.jar;C:\Users\42070\.m2\repository\org\apache\hadoop\hadoop-yarn-client\2.9.1\hadoop-yarn-client-2.9.1.jar;C:\Users\42070\.m2\repository\org\apache\hadoop\hadoop-yarn-common\2.9.1\hadoop-yarn-common-2.9.1.jar;C:\Users\42070\.m2\repository\com\sun\jersey\jersey-client\1.9\jersey-client-1.9.jar;C:\Users\42070\.m2\repository\com\google\inject\guice\3.0\guice-3.0.jar;C:\Users\42070\.m2\repository\javax\inject\javax.inject\1\javax.inject-1.jar;C:\Users\42070\.m2\repository\aopalliance\aopalliance\1.0\aopalliance-1.0.jar;C:\Users\42070\.m2\repository\com\sun\jersey\contribs\jersey-guice\1.9\jersey-guice-1.9.jar;C:\Users\42070\.m2\repository\com\google\inject\extensions\guice-servlet\3.0\guice-servlet-3.0.jar;"/>
    <property name="java.vm.vendor" value="Oracle Corporation"/>
    <property name="sun.cpu.endian" value="little"/>
    <property name="java.vm.specification.vendor" value="Oracle Corporation"/>
    <property name="java.specification.version" value="1.7"/>
    <property name="user.script" value=""/>
    <property name="awt.toolkit" value="sun.awt.windows.WToolkit"/>
    <property name="sun.java.command" value="C:\Users\42070\AppData\Local\Temp\surefire3532831222864934877\surefirebooter2976803166941319859.jar C:\Users\42070\AppData\Local\Temp\surefire3532831222864934877 2018-10-13T17-01-44_755-jvmRun1 surefire159632029897599661tmp surefire_02330312784741129670tmp"/>
    <property name="user.timezone" value=""/>
    <property name="surefire.test.class.path" value="E:\myTestProject\testHadop\target\test-classes;E:\myTestProject\testHadop\target\classes;C:\Users\42070\.m2\repository\junit\junit\4.11\junit-4.11.jar;C:\Users\42070\.m2\repository\org\hamcrest\hamcrest-core\1.3\hamcrest-core-1.3.jar;C:\Users\42070\.m2\repository\org\apache\hadoop\hadoop-common\2.9.1\hadoop-common-2.9.1.jar;C:\Users\42070\.m2\repository\org\apache\hadoop\hadoop-annotations\2.9.1\hadoop-annotations-2.9.1.jar;E:\program\Java1.7\jdk1.7.0_75\jre\..\lib\tools.jar;C:\Users\42070\.m2\repository\com\google\guava\guava\11.0.2\guava-11.0.2.jar;C:\Users\42070\.m2\repository\commons-cli\commons-cli\1.2\commons-cli-1.2.jar;C:\Users\42070\.m2\repository\org\apache\commons\commons-math3\3.1.1\commons-math3-3.1.1.jar;C:\Users\42070\.m2\repository\xmlenc\xmlenc\0.52\xmlenc-0.52.jar;C:\Users\42070\.m2\repository\org\apache\httpcomponents\httpclient\4.5.2\httpclient-4.5.2.jar;C:\Users\42070\.m2\repository\org\apache\httpcomponents\httpcore\4.4.4\httpcore-4.4.4.jar;C:\Users\42070\.m2\repository\commons-codec\commons-codec\1.4\commons-codec-1.4.jar;C:\Users\42070\.m2\repository\commons-io\commons-io\2.4\commons-io-2.4.jar;C:\Users\42070\.m2\repository\commons-net\commons-net\3.1\commons-net-3.1.jar;C:\Users\42070\.m2\repository\commons-collections\commons-collections\3.2.2\commons-collections-3.2.2.jar;C:\Users\42070\.m2\repository\javax\servlet\servlet-api\2.5\servlet-api-2.5.jar;C:\Users\42070\.m2\repository\org\mortbay\jetty\jetty\6.1.26\jetty-6.1.26.jar;C:\Users\42070\.m2\repository\org\mortbay\jetty\jetty-util\6.1.26\jetty-util-6.1.26.jar;C:\Users\42070\.m2\repository\org\mortbay\jetty\jetty-sslengine\6.1.26\jetty-sslengine-6.1.26.jar;C:\Users\42070\.m2\repository\javax\servlet\jsp\jsp-api\2.1\jsp-api-2.1.jar;C:\Users\42070\.m2\repository\com\sun\jersey\jersey-core\1.9\jersey-core-1.9.jar;C:\Users\42070\.m2\repository\com\sun\jersey\jersey-json\1.9\jersey-json-1.9.jar;C:\Users\42070\.m2\repository\org\codehaus\jettison\jettison\1.1\jettison-1.1.jar;C:\Users\42070\.m2\repository\com\sun\xml\bind\jaxb-impl\2.2.3-1\jaxb-impl-2.2.3-1.jar;C:\Users\42070\.m2\repository\org\codehaus\jackson\jackson-jaxrs\1.8.3\jackson-jaxrs-1.8.3.jar;C:\Users\42070\.m2\repository\org\codehaus\jackson\jackson-xc\1.8.3\jackson-xc-1.8.3.jar;C:\Users\42070\.m2\repository\com\sun\jersey\jersey-server\1.9\jersey-server-1.9.jar;C:\Users\42070\.m2\repository\asm\asm\3.1\asm-3.1.jar;C:\Users\42070\.m2\repository\commons-logging\commons-logging\1.1.3\commons-logging-1.1.3.jar;C:\Users\42070\.m2\repository\log4j\log4j\1.2.17\log4j-1.2.17.jar;C:\Users\42070\.m2\repository\net\java\dev\jets3t\jets3t\0.9.0\jets3t-0.9.0.jar;C:\Users\42070\.m2\repository\com\jamesmurty\utils\java-xmlbuilder\0.4\java-xmlbuilder-0.4.jar;C:\Users\42070\.m2\repository\commons-lang\commons-lang\2.6\commons-lang-2.6.jar;C:\Users\42070\.m2\repository\commons-configuration\commons-configuration\1.6\commons-configuration-1.6.jar;C:\Users\42070\.m2\repository\commons-digester\commons-digester\1.8\commons-digester-1.8.jar;C:\Users\42070\.m2\repository\commons-beanutils\commons-beanutils\1.7.0\commons-beanutils-1.7.0.jar;C:\Users\42070\.m2\repository\commons-beanutils\commons-beanutils-core\1.8.0\commons-beanutils-core-1.8.0.jar;C:\Users\42070\.m2\repository\org\apache\commons\commons-lang3\3.4\commons-lang3-3.4.jar;C:\Users\42070\.m2\repository\org\slf4j\slf4j-api\1.7.25\slf4j-api-1.7.25.jar;C:\Users\42070\.m2\repository\org\slf4j\slf4j-log4j12\1.7.25\slf4j-log4j12-1.7.25.jar;C:\Users\42070\.m2\repository\org\codehaus\jackson\jackson-core-asl\1.9.13\jackson-core-asl-1.9.13.jar;C:\Users\42070\.m2\repository\org\codehaus\jackson\jackson-mapper-asl\1.9.13\jackson-mapper-asl-1.9.13.jar;C:\Users\42070\.m2\repository\org\apache\avro\avro\1.7.7\avro-1.7.7.jar;C:\Users\42070\.m2\repository\com\thoughtworks\paranamer\paranamer\2.3\paranamer-2.3.jar;C:\Users\42070\.m2\repository\org\xerial\snappy\snappy-java\1.0.5\snappy-java-1.0.5.jar;C:\Users\42070\.m2\repository\com\google\protobuf\protobuf-java\2.5.0\protobuf-java-2.5.0.jar;C:\Users\42070\.m2\repository\com\google\code\gson\gson\2.2.4\gson-2.2.4.jar;C:\Users\42070\.m2\repository\org\apache\hadoop\hadoop-auth\2.9.1\hadoop-auth-2.9.1.jar;C:\Users\42070\.m2\repository\com\nimbusds\nimbus-jose-jwt\4.41.1\nimbus-jose-jwt-4.41.1.jar;C:\Users\42070\.m2\repository\com\github\stephenc\jcip\jcip-annotations\1.0-1\jcip-annotations-1.0-1.jar;C:\Users\42070\.m2\repository\net\minidev\json-smart\2.3\json-smart-2.3.jar;C:\Users\42070\.m2\repository\net\minidev\accessors-smart\1.2\accessors-smart-1.2.jar;C:\Users\42070\.m2\repository\org\ow2\asm\asm\5.0.4\asm-5.0.4.jar;C:\Users\42070\.m2\repository\org\apache\directory\server\apacheds-kerberos-codec\2.0.0-M15\apacheds-kerberos-codec-2.0.0-M15.jar;C:\Users\42070\.m2\repository\org\apache\directory\server\apacheds-i18n\2.0.0-M15\apacheds-i18n-2.0.0-M15.jar;C:\Users\42070\.m2\repository\org\apache\directory\api\api-asn1-api\1.0.0-M20\api-asn1-api-1.0.0-M20.jar;C:\Users\42070\.m2\repository\org\apache\directory\api\api-util\1.0.0-M20\api-util-1.0.0-M20.jar;C:\Users\42070\.m2\repository\org\apache\curator\curator-framework\2.7.1\curator-framework-2.7.1.jar;C:\Users\42070\.m2\repository\com\jcraft\jsch\0.1.54\jsch-0.1.54.jar;C:\Users\42070\.m2\repository\org\apache\curator\curator-client\2.7.1\curator-client-2.7.1.jar;C:\Users\42070\.m2\repository\org\apache\curator\curator-recipes\2.7.1\curator-recipes-2.7.1.jar;C:\Users\42070\.m2\repository\com\google\code\findbugs\jsr305\3.0.0\jsr305-3.0.0.jar;C:\Users\42070\.m2\repository\org\apache\htrace\htrace-core4\4.1.0-incubating\htrace-core4-4.1.0-incubating.jar;C:\Users\42070\.m2\repository\org\apache\zookeeper\zookeeper\3.4.6\zookeeper-3.4.6.jar;C:\Users\42070\.m2\repository\org\apache\commons\commons-compress\1.4.1\commons-compress-1.4.1.jar;C:\Users\42070\.m2\repository\org\tukaani\xz\1.0\xz-1.0.jar;C:\Users\42070\.m2\repository\org\codehaus\woodstox\stax2-api\3.1.4\stax2-api-3.1.4.jar;C:\Users\42070\.m2\repository\com\fasterxml\woodstox\woodstox-core\5.0.3\woodstox-core-5.0.3.jar;C:\Users\42070\.m2\repository\org\apache\hadoop\hadoop-client\2.9.1\hadoop-client-2.9.1.jar;C:\Users\42070\.m2\repository\org\apache\hadoop\hadoop-hdfs-client\2.9.1\hadoop-hdfs-client-2.9.1.jar;C:\Users\42070\.m2\repository\com\squareup\okhttp\okhttp\2.7.5\okhttp-2.7.5.jar;C:\Users\42070\.m2\repository\com\squareup\okio\okio\1.6.0\okio-1.6.0.jar;C:\Users\42070\.m2\repository\org\apache\hadoop\hadoop-mapreduce-client-app\2.9.1\hadoop-mapreduce-client-app-2.9.1.jar;C:\Users\42070\.m2\repository\org\apache\hadoop\hadoop-mapreduce-client-common\2.9.1\hadoop-mapreduce-client-common-2.9.1.jar;C:\Users\42070\.m2\repository\org\apache\hadoop\hadoop-mapreduce-client-shuffle\2.9.1\hadoop-mapreduce-client-shuffle-2.9.1.jar;C:\Users\42070\.m2\repository\org\apache\hadoop\hadoop-yarn-server-common\2.9.1\hadoop-yarn-server-common-2.9.1.jar;C:\Users\42070\.m2\repository\org\apache\hadoop\hadoop-yarn-registry\2.9.1\hadoop-yarn-registry-2.9.1.jar;C:\Users\42070\.m2\repository\org\apache\geronimo\specs\geronimo-jcache_1.0_spec\1.0-alpha-1\geronimo-jcache_1.0_spec-1.0-alpha-1.jar;C:\Users\42070\.m2\repository\org\ehcache\ehcache\3.3.1\ehcache-3.3.1.jar;C:\Users\42070\.m2\repository\com\zaxxer\HikariCP-java7\2.4.12\HikariCP-java7-2.4.12.jar;C:\Users\42070\.m2\repository\com\microsoft\sqlserver\mssql-jdbc\6.2.1.jre7\mssql-jdbc-6.2.1.jre7.jar;C:\Users\42070\.m2\repository\org\apache\hadoop\hadoop-yarn-api\2.9.1\hadoop-yarn-api-2.9.1.jar;C:\Users\42070\.m2\repository\javax\xml\bind\jaxb-api\2.2.2\jaxb-api-2.2.2.jar;C:\Users\42070\.m2\repository\javax\xml\stream\stax-api\1.0-2\stax-api-1.0-2.jar;C:\Users\42070\.m2\repository\javax\activation\activation\1.1\activation-1.1.jar;C:\Users\42070\.m2\repository\org\apache\hadoop\hadoop-mapreduce-client-jobclient\2.9.1\hadoop-mapreduce-client-jobclient-2.9.1.jar;C:\Users\42070\.m2\repository\org\apache\hadoop\hadoop-hdfs\2.9.1\hadoop-hdfs-2.9.1.jar;C:\Users\42070\.m2\repository\commons-daemon\commons-daemon\1.0.13\commons-daemon-1.0.13.jar;C:\Users\42070\.m2\repository\io\netty\netty\3.6.2.Final\netty-3.6.2.Final.jar;C:\Users\42070\.m2\repository\io\netty\netty-all\4.0.23.Final\netty-all-4.0.23.Final.jar;C:\Users\42070\.m2\repository\xerces\xercesImpl\2.9.1\xercesImpl-2.9.1.jar;C:\Users\42070\.m2\repository\xml-apis\xml-apis\1.3.04\xml-apis-1.3.04.jar;C:\Users\42070\.m2\repository\org\fusesource\leveldbjni\leveldbjni-all\1.8\leveldbjni-all-1.8.jar;C:\Users\42070\.m2\repository\com\fasterxml\jackson\core\jackson-databind\2.7.8\jackson-databind-2.7.8.jar;C:\Users\42070\.m2\repository\com\fasterxml\jackson\core\jackson-annotations\2.7.0\jackson-annotations-2.7.0.jar;C:\Users\42070\.m2\repository\com\fasterxml\jackson\core\jackson-core\2.7.8\jackson-core-2.7.8.jar;C:\Users\42070\.m2\repository\org\apache\hadoop\hadoop-mapreduce-client-core\2.9.1\hadoop-mapreduce-client-core-2.9.1.jar;C:\Users\42070\.m2\repository\org\apache\hadoop\hadoop-yarn-client\2.9.1\hadoop-yarn-client-2.9.1.jar;C:\Users\42070\.m2\repository\org\apache\hadoop\hadoop-yarn-common\2.9.1\hadoop-yarn-common-2.9.1.jar;C:\Users\42070\.m2\repository\com\sun\jersey\jersey-client\1.9\jersey-client-1.9.jar;C:\Users\42070\.m2\repository\com\google\inject\guice\3.0\guice-3.0.jar;C:\Users\42070\.m2\repository\javax\inject\javax.inject\1\javax.inject-1.jar;C:\Users\42070\.m2\repository\aopalliance\aopalliance\1.0\aopalliance-1.0.jar;C:\Users\42070\.m2\repository\com\sun\jersey\contribs\jersey-guice\1.9\jersey-guice-1.9.jar;C:\Users\42070\.m2\repository\com\google\inject\extensions\guice-servlet\3.0\guice-servlet-3.0.jar;"/>
    <property name="java.runtime.version" value="1.7.0_75-b13"/>
    <property name="java.vendor" value="Oracle Corporation"/>
    <property name="sun.management.compiler" value="HotSpot 64-Bit Tiered Compilers"/>
    <property name="sun.arch.data.model" value="64"/>
    <property name="os.arch" value="amd64"/>
    <property name="sun.io.unicode.encoding" value="UnicodeLittle"/>
    <property name="java.awt.printerjob" value="sun.awt.windows.WPrinterJob"/>
    <property name="path.separator" value=";"/>
    <property name="java.runtime.name" value="Java(TM) SE Runtime Environment"/>
    <property name="java.vendor.url" value="http://java.oracle.com/"/>
    <property name="sun.boot.class.path" value="E:\program\Java1.7\jdk1.7.0_75\jre\lib\resources.jar;E:\program\Java1.7\jdk1.7.0_75\jre\lib\rt.jar;E:\program\Java1.7\jdk1.7.0_75\jre\lib\sunrsasign.jar;E:\program\Java1.7\jdk1.7.0_75\jre\lib\jsse.jar;E:\program\Java1.7\jdk1.7.0_75\jre\lib\jce.jar;E:\program\Java1.7\jdk1.7.0_75\jre\lib\charsets.jar;E:\program\Java1.7\jdk1.7.0_75\jre\lib\jfr.jar;E:\program\Java1.7\jdk1.7.0_75\jre\classes"/>
    <property name="surefire.real.class.path" value="C:\Users\42070\AppData\Local\Temp\surefire3532831222864934877\surefirebooter2976803166941319859.jar"/>
    <property name="java.endorsed.dirs" value="E:\program\Java1.7\jdk1.7.0_75\jre\lib\endorsed"/>
    <property name="sun.desktop" value="windows"/>
    <property name="java.vm.version" value="24.75-b04"/>
    <property name="os.name" value="Windows 8.1"/>
    <property name="java.vm.specification.version" value="1.7"/>
    <property name="sun.cpu.isalist" value="amd64"/>
    <property name="java.version" value="1.7.0_75"/>
    <property name="java.vm.specification.name" value="Java Virtual Machine Specification"/>
    <property name="java.ext.dirs" value="E:\program\Java1.7\jdk1.7.0_75\jre\lib\ext;C:\WINDOWS\Sun\Java\lib\ext"/>
    <property name="os.version" value="6.3"/>
    <property name="basedir" value="E:\myTestProject\testHadop"/>
    <property name="java.library.path" value="E:\program\Java1.7\jdk1.7.0_75\jre\bin;C:\WINDOWS\Sun\Java\bin;C:\WINDOWS\system32;C:\WINDOWS;C:\Program Files (x86)\Razer Chroma SDK\bin;C:\Program Files\Razer Chroma SDK\bin;C:\WINDOWS\system32;C:\WINDOWS;C:\WINDOWS\System32\Wbem;C:\WINDOWS\System32\WindowsPowerShell\v1.0\;E:\program\java1.6\jdk\bin;E:\program\java1.6\jdk\jre\bin;C:\WINDOWS\system32\config\systemprofile\AppData\Local\Microsoft\WindowsApps;E:\program\TortoiseSVN\bin;C:\Program Files (x86)\Oracle\Instant Client\bin;E:\program\Git\cmd;E:\program\MySQL\MySQL Server 5.7\bin;E:\program\erl9.1\bin;E:\program\RabbitMQ Server\rabbitmq_server-3.6.14\sbin;E:\program\nodejs\;C:\WINDOWS\system32;C:\WINDOWS;C:\WINDOWS\System32\Wbem;C:\WINDOWS\System32\WindowsPowerShell\v1.0\;C:\WINDOWS\System32\OpenSSH\;E:\program\hadoop-2.9.1\bin;E:\program\Python3.6\Scripts\;E:\program\Python3.6\;C:\Users\42070\AppData\Local\Microsoft\WindowsApps;E:\software\apache-maven-3.3.9\bin;C:\Users\42070\AppData\Roaming\npm;."/>
    <property name="java.awt.graphicsenv" value="sun.awt.Win32GraphicsEnvironment"/>
    <property name="java.vm.name" value="Java HotSpot(TM) 64-Bit Server VM"/>
    <property name="user.country" value="CN"/>
  </properties>
  <testcase name="com.jiyx.test.fs.HDFSDemoTest" classname="com.jiyx.test.fs.HDFSDemoTest" time="0">
    <skipped/>
  </testcase>
</testsuite>